<?xml version="1.0" encoding="UTF-8"?>
<!-- Generated by org.testng.reporters.JUnitXMLReporter -->
<testsuite hostname="TILLT000869" ignored="3" name="Gestures Testing" tests="6" failures="4" timestamp="04 Nov 2018 19:28:26 GMT" time="109.766" errors="0">
  <testcase name="preferences_normalclick" time="11.018" classname="testcases2.DataProviderTest"/>
  <testcase name="preferences_normalclick" time="26.421" classname="testcases2.DataProviderTest">
    <failure type="org.openqa.selenium.NoSuchElementException" message="An element could not be located on the page using the given search parameters.
For documentation on this error, please visit: http://seleniumhq.org/exceptions/no_such_element.html
Build info: version: &amp;apos;3.13.0&amp;apos;, revision: &amp;apos;2f0d292&amp;apos;, time: &amp;apos;2018-06-25T15:32:14.902Z&amp;apos;
System info: host: &amp;apos;TILLT000869&amp;apos;, ip: &amp;apos;192.168.1.5&amp;apos;, os.name: &amp;apos;Windows 8.1&amp;apos;, os.arch: &amp;apos;amd64&amp;apos;, os.version: &amp;apos;6.3&amp;apos;, java.version: &amp;apos;1.8.0_151&amp;apos;
Driver info: io.appium.java_client.android.AndroidDriver
Capabilities {app: C:\Users\c-deepak.jindal\wo..., appActivity: io.appium.android.apis.ApiD..., appPackage: io.appium.android.apis, appWaitActivity: io.appium.android.apis.ApiD..., appWaitPackage: io.appium.android.apis, databaseEnabled: false, desired: {app: C:\Users\c-deepak.jindal\wo..., deviceName: Moto G4, fullReset: false, noReset: true, platform: ANDROID, platformName: android}, deviceManufacturer: motorola, deviceModel: Moto G (4), deviceName: ZY223DDFBF, deviceScreenSize: 1080x1920, deviceUDID: ZY223DDFBF, fullReset: false, javascriptEnabled: true, locationContextEnabled: false, networkConnectionEnabled: true, noReset: true, platform: ANDROID, platformName: Android, platformVersion: 7.0, takesScreenshot: true, warnings: {}, webStorageEnabled: false}
Session ID: 0f289ce7-86e3-4410-949a-0dd90110531e
*** Element info: {Using=id, value=android:id/checkbox}">
      <![CDATA[org.openqa.selenium.NoSuchElementException: An element could not be located on the page using the given search parameters.
For documentation on this error, please visit: http://seleniumhq.org/exceptions/no_such_element.html
Build info: version: '3.13.0', revision: '2f0d292', time: '2018-06-25T15:32:14.902Z'
System info: host: 'TILLT000869', ip: '192.168.1.5', os.name: 'Windows 8.1', os.arch: 'amd64', os.version: '6.3', java.version: '1.8.0_151'
Driver info: io.appium.java_client.android.AndroidDriver
Capabilities {app: C:\Users\c-deepak.jindal\wo..., appActivity: io.appium.android.apis.ApiD..., appPackage: io.appium.android.apis, appWaitActivity: io.appium.android.apis.ApiD..., appWaitPackage: io.appium.android.apis, databaseEnabled: false, desired: {app: C:\Users\c-deepak.jindal\wo..., deviceName: Moto G4, fullReset: false, noReset: true, platform: ANDROID, platformName: android}, deviceManufacturer: motorola, deviceModel: Moto G (4), deviceName: ZY223DDFBF, deviceScreenSize: 1080x1920, deviceUDID: ZY223DDFBF, fullReset: false, javascriptEnabled: true, locationContextEnabled: false, networkConnectionEnabled: true, noReset: true, platform: ANDROID, platformName: Android, platformVersion: 7.0, takesScreenshot: true, warnings: {}, webStorageEnabled: false}
Session ID: 0f289ce7-86e3-4410-949a-0dd90110531e
*** Element info: {Using=id, value=android:id/checkbox}
at org.openqa.selenium.remote.http.W3CHttpResponseCodec.createException(W3CHttpResponseCodec.java:187)
at org.openqa.selenium.remote.http.W3CHttpResponseCodec.decode(W3CHttpResponseCodec.java:122)
at org.openqa.selenium.remote.http.W3CHttpResponseCodec.decode(W3CHttpResponseCodec.java:49)
at org.openqa.selenium.remote.HttpCommandExecutor.execute(HttpCommandExecutor.java:158)
at io.appium.java_client.remote.AppiumCommandExecutor.execute(AppiumCommandExecutor.java:231)
at org.openqa.selenium.remote.RemoteWebDriver.execute(RemoteWebDriver.java:548)
at io.appium.java_client.DefaultGenericMobileDriver.execute(DefaultGenericMobileDriver.java:42)
at io.appium.java_client.AppiumDriver.execute(AppiumDriver.java:1)
at io.appium.java_client.android.AndroidDriver.execute(AndroidDriver.java:1)
at org.openqa.selenium.remote.RemoteWebDriver.findElement(RemoteWebDriver.java:322)
at io.appium.java_client.DefaultGenericMobileDriver.findElement(DefaultGenericMobileDriver.java:62)
at io.appium.java_client.AppiumDriver.findElement(AppiumDriver.java:1)
at io.appium.java_client.android.AndroidDriver.findElement(AndroidDriver.java:1)
at org.openqa.selenium.remote.RemoteWebDriver.findElementById(RemoteWebDriver.java:368)
at io.appium.java_client.DefaultGenericMobileDriver.findElementById(DefaultGenericMobileDriver.java:70)
at io.appium.java_client.AppiumDriver.findElementById(AppiumDriver.java:1)
at io.appium.java_client.android.AndroidDriver.findElementById(AndroidDriver.java:1)
at testcases2.DataProviderTest.preferences_normalclick(DataProviderTest.java:24)
... Removed 29 stack frames]]>
    </failure>
  </testcase> <!-- preferences_normalclick -->
  <testcase name="preferences_normalclick" time="25.955" classname="testcases2.DataProviderTest">
    <failure type="org.openqa.selenium.NoSuchElementException" message="An element could not be located on the page using the given search parameters.
For documentation on this error, please visit: http://seleniumhq.org/exceptions/no_such_element.html
Build info: version: &amp;apos;3.13.0&amp;apos;, revision: &amp;apos;2f0d292&amp;apos;, time: &amp;apos;2018-06-25T15:32:14.902Z&amp;apos;
System info: host: &amp;apos;TILLT000869&amp;apos;, ip: &amp;apos;192.168.1.5&amp;apos;, os.name: &amp;apos;Windows 8.1&amp;apos;, os.arch: &amp;apos;amd64&amp;apos;, os.version: &amp;apos;6.3&amp;apos;, java.version: &amp;apos;1.8.0_151&amp;apos;
Driver info: io.appium.java_client.android.AndroidDriver
Capabilities {app: C:\Users\c-deepak.jindal\wo..., appActivity: io.appium.android.apis.ApiD..., appPackage: io.appium.android.apis, appWaitActivity: io.appium.android.apis.ApiD..., appWaitPackage: io.appium.android.apis, databaseEnabled: false, desired: {app: C:\Users\c-deepak.jindal\wo..., deviceName: Moto G4, fullReset: false, noReset: true, platform: ANDROID, platformName: android}, deviceManufacturer: motorola, deviceModel: Moto G (4), deviceName: ZY223DDFBF, deviceScreenSize: 1080x1920, deviceUDID: ZY223DDFBF, fullReset: false, javascriptEnabled: true, locationContextEnabled: false, networkConnectionEnabled: true, noReset: true, platform: ANDROID, platformName: Android, platformVersion: 7.0, takesScreenshot: true, warnings: {}, webStorageEnabled: false}
Session ID: 0f289ce7-86e3-4410-949a-0dd90110531e
*** Element info: {Using=xpath, value=//android.widget.TextView[@text=&amp;apos;3. Preference dependencies&amp;apos;]}">
      <![CDATA[org.openqa.selenium.NoSuchElementException: An element could not be located on the page using the given search parameters.
For documentation on this error, please visit: http://seleniumhq.org/exceptions/no_such_element.html
Build info: version: '3.13.0', revision: '2f0d292', time: '2018-06-25T15:32:14.902Z'
System info: host: 'TILLT000869', ip: '192.168.1.5', os.name: 'Windows 8.1', os.arch: 'amd64', os.version: '6.3', java.version: '1.8.0_151'
Driver info: io.appium.java_client.android.AndroidDriver
Capabilities {app: C:\Users\c-deepak.jindal\wo..., appActivity: io.appium.android.apis.ApiD..., appPackage: io.appium.android.apis, appWaitActivity: io.appium.android.apis.ApiD..., appWaitPackage: io.appium.android.apis, databaseEnabled: false, desired: {app: C:\Users\c-deepak.jindal\wo..., deviceName: Moto G4, fullReset: false, noReset: true, platform: ANDROID, platformName: android}, deviceManufacturer: motorola, deviceModel: Moto G (4), deviceName: ZY223DDFBF, deviceScreenSize: 1080x1920, deviceUDID: ZY223DDFBF, fullReset: false, javascriptEnabled: true, locationContextEnabled: false, networkConnectionEnabled: true, noReset: true, platform: ANDROID, platformName: Android, platformVersion: 7.0, takesScreenshot: true, warnings: {}, webStorageEnabled: false}
Session ID: 0f289ce7-86e3-4410-949a-0dd90110531e
*** Element info: {Using=xpath, value=//android.widget.TextView[@text='3. Preference dependencies']}
at org.openqa.selenium.remote.http.W3CHttpResponseCodec.createException(W3CHttpResponseCodec.java:187)
at org.openqa.selenium.remote.http.W3CHttpResponseCodec.decode(W3CHttpResponseCodec.java:122)
at org.openqa.selenium.remote.http.W3CHttpResponseCodec.decode(W3CHttpResponseCodec.java:49)
at org.openqa.selenium.remote.HttpCommandExecutor.execute(HttpCommandExecutor.java:158)
at io.appium.java_client.remote.AppiumCommandExecutor.execute(AppiumCommandExecutor.java:231)
at org.openqa.selenium.remote.RemoteWebDriver.execute(RemoteWebDriver.java:548)
at io.appium.java_client.DefaultGenericMobileDriver.execute(DefaultGenericMobileDriver.java:42)
at io.appium.java_client.AppiumDriver.execute(AppiumDriver.java:1)
at io.appium.java_client.android.AndroidDriver.execute(AndroidDriver.java:1)
at org.openqa.selenium.remote.RemoteWebDriver.findElement(RemoteWebDriver.java:322)
at io.appium.java_client.DefaultGenericMobileDriver.findElement(DefaultGenericMobileDriver.java:62)
at io.appium.java_client.AppiumDriver.findElement(AppiumDriver.java:1)
at io.appium.java_client.android.AndroidDriver.findElement(AndroidDriver.java:1)
at org.openqa.selenium.remote.RemoteWebDriver.findElementByXPath(RemoteWebDriver.java:424)
at io.appium.java_client.DefaultGenericMobileDriver.findElementByXPath(DefaultGenericMobileDriver.java:152)
at io.appium.java_client.AppiumDriver.findElementByXPath(AppiumDriver.java:1)
at io.appium.java_client.android.AndroidDriver.findElementByXPath(AndroidDriver.java:1)
at testcases2.DataProviderTest.preferences_normalclick(DataProviderTest.java:23)
... Removed 29 stack frames]]>
    </failure>
  </testcase> <!-- preferences_normalclick -->
  <testcase name="preferences_normalclick" time="0.0" classname="testcases2.PreferencesTestCase_01">
    <failure type="org.testng.TestNGException" message="
Parameter &amp;apos;TextInput&amp;apos; is required by @Test on method preferences_normalclick but has not been marked @Optional or defined
in C:\Users\c-deepak.jindal\workspace\Appium_testNG\testng.xml">
      <![CDATA[org.testng.TestNGException: 
Parameter 'TextInput' is required by @Test on method preferences_normalclick but has not been marked @Optional or defined
in C:\Users\c-deepak.jindal\workspace\Appium_testNG\testng.xml
... Removed 24 stack frames]]>
    </failure>
  </testcase> <!-- preferences_normalclick -->
  <testcase name="preferences_endToend" time="0.0" classname="testcases2.PreferencesTestCase_01">
    <skipped/>
  </testcase> <!-- preferences_endToend -->
  <testcase name="gesture_dragDrop" time="26.173" classname="testcases2.ScrollTestCase">
    <failure type="org.openqa.selenium.NoSuchElementException" message="An element could not be located on the page using the given search parameters.
For documentation on this error, please visit: http://seleniumhq.org/exceptions/no_such_element.html
Build info: version: &amp;apos;3.13.0&amp;apos;, revision: &amp;apos;2f0d292&amp;apos;, time: &amp;apos;2018-06-25T15:32:14.902Z&amp;apos;
System info: host: &amp;apos;TILLT000869&amp;apos;, ip: &amp;apos;192.168.1.5&amp;apos;, os.name: &amp;apos;Windows 8.1&amp;apos;, os.arch: &amp;apos;amd64&amp;apos;, os.version: &amp;apos;6.3&amp;apos;, java.version: &amp;apos;1.8.0_151&amp;apos;
Driver info: io.appium.java_client.android.AndroidDriver
Capabilities {app: C:\Users\c-deepak.jindal\wo..., appActivity: io.appium.android.apis.ApiD..., appPackage: io.appium.android.apis, appWaitActivity: io.appium.android.apis.ApiD..., appWaitPackage: io.appium.android.apis, databaseEnabled: false, desired: {app: C:\Users\c-deepak.jindal\wo..., deviceName: Moto G4, fullReset: false, noReset: true, platform: ANDROID, platformName: android}, deviceManufacturer: motorola, deviceModel: Moto G (4), deviceName: ZY223DDFBF, deviceScreenSize: 1080x1920, deviceUDID: ZY223DDFBF, fullReset: false, javascriptEnabled: true, locationContextEnabled: false, networkConnectionEnabled: true, noReset: true, platform: ANDROID, platformName: Android, platformVersion: 7.0, takesScreenshot: true, warnings: {}, webStorageEnabled: false}
Session ID: 0f289ce7-86e3-4410-949a-0dd90110531e
*** Element info: {Using=xpath, value=//android.view.View[@index=&amp;apos;1&amp;apos;]}">
      <![CDATA[org.openqa.selenium.NoSuchElementException: An element could not be located on the page using the given search parameters.
For documentation on this error, please visit: http://seleniumhq.org/exceptions/no_such_element.html
Build info: version: '3.13.0', revision: '2f0d292', time: '2018-06-25T15:32:14.902Z'
System info: host: 'TILLT000869', ip: '192.168.1.5', os.name: 'Windows 8.1', os.arch: 'amd64', os.version: '6.3', java.version: '1.8.0_151'
Driver info: io.appium.java_client.android.AndroidDriver
Capabilities {app: C:\Users\c-deepak.jindal\wo..., appActivity: io.appium.android.apis.ApiD..., appPackage: io.appium.android.apis, appWaitActivity: io.appium.android.apis.ApiD..., appWaitPackage: io.appium.android.apis, databaseEnabled: false, desired: {app: C:\Users\c-deepak.jindal\wo..., deviceName: Moto G4, fullReset: false, noReset: true, platform: ANDROID, platformName: android}, deviceManufacturer: motorola, deviceModel: Moto G (4), deviceName: ZY223DDFBF, deviceScreenSize: 1080x1920, deviceUDID: ZY223DDFBF, fullReset: false, javascriptEnabled: true, locationContextEnabled: false, networkConnectionEnabled: true, noReset: true, platform: ANDROID, platformName: Android, platformVersion: 7.0, takesScreenshot: true, warnings: {}, webStorageEnabled: false}
Session ID: 0f289ce7-86e3-4410-949a-0dd90110531e
*** Element info: {Using=xpath, value=//android.view.View[@index='1']}
at org.openqa.selenium.remote.http.W3CHttpResponseCodec.createException(W3CHttpResponseCodec.java:187)
at org.openqa.selenium.remote.http.W3CHttpResponseCodec.decode(W3CHttpResponseCodec.java:122)
at org.openqa.selenium.remote.http.W3CHttpResponseCodec.decode(W3CHttpResponseCodec.java:49)
at org.openqa.selenium.remote.HttpCommandExecutor.execute(HttpCommandExecutor.java:158)
at io.appium.java_client.remote.AppiumCommandExecutor.execute(AppiumCommandExecutor.java:231)
at org.openqa.selenium.remote.RemoteWebDriver.execute(RemoteWebDriver.java:548)
at io.appium.java_client.DefaultGenericMobileDriver.execute(DefaultGenericMobileDriver.java:42)
at io.appium.java_client.AppiumDriver.execute(AppiumDriver.java:1)
at io.appium.java_client.android.AndroidDriver.execute(AndroidDriver.java:1)
at org.openqa.selenium.remote.RemoteWebDriver.findElement(RemoteWebDriver.java:322)
at io.appium.java_client.DefaultGenericMobileDriver.findElement(DefaultGenericMobileDriver.java:62)
at io.appium.java_client.AppiumDriver.findElement(AppiumDriver.java:1)
at io.appium.java_client.android.AndroidDriver.findElement(AndroidDriver.java:1)
at org.openqa.selenium.remote.RemoteWebDriver.findElementByXPath(RemoteWebDriver.java:424)
at io.appium.java_client.DefaultGenericMobileDriver.findElementByXPath(DefaultGenericMobileDriver.java:152)
at io.appium.java_client.AppiumDriver.findElementByXPath(AppiumDriver.java:1)
at io.appium.java_client.android.AndroidDriver.findElementByXPath(AndroidDriver.java:1)
at testcases2.ScrollTestCase.gesture_dragDrop(ScrollTestCase.java:37)
... Removed 29 stack frames]]>
    </failure>
  </testcase> <!-- gesture_dragDrop -->
  <testcase name="gesture_scroll" time="0.0" classname="testcases2.ScrollTestCase">
    <ignored/>
  </testcase> <!-- gesture_scroll -->
  <testcase name="@BeforeSuite testapp" time="0.0" classname="testCases.testbase">
    <ignored/>
  </testcase> <!-- @BeforeSuite testapp -->
  <testcase name="@BeforeSuite testapp" time="0.0" classname="testCases.testbase">
    <ignored/>
  </testcase> <!-- @BeforeSuite testapp -->
</testsuite> <!-- Gestures Testing -->
