<?xml version="1.0" encoding="UTF-8"?>
<!-- Generated by org.testng.reporters.JUnitReportReporter -->
<testsuite skipped="1" hostname="TILLT000869" name="testcases2.PreferencesTestCase_01" tests="2" failures="0" timestamp="04 Nov 2018 19:28:27 GMT" time="0.000" errors="1">
  <testcase name="preferences_endToend" time="0.000" classname="testcases2.PreferencesTestCase_01">
    <skipped/>
  </testcase> <!-- preferences_endToend -->
  <testcase name="preferences_normalclick" time="0.000" classname="testcases2.PreferencesTestCase_01">
    <error type="org.testng.TestNGException" message="
Parameter &#039;TextInput&#039; is required by @Test on method preferences_normalclick but has not been marked @Optional or defined
in C:\Users\c-deepak.jindal\workspace\Appium_testNG\testng.xml">
      <![CDATA[org.testng.TestNGException: 
Parameter 'TextInput' is required by @Test on method preferences_normalclick but has not been marked @Optional or defined
in C:\Users\c-deepak.jindal\workspace\Appium_testNG\testng.xml
at org.testng.internal.Parameters.createParams(Parameters.java:290)
at org.testng.internal.Parameters.createParametersForMethod(Parameters.java:359)
at org.testng.internal.Parameters.createParameters(Parameters.java:620)
at org.testng.internal.Parameters.handleParameters(Parameters.java:769)
at org.testng.internal.ParameterHandler.handleParameters(ParameterHandler.java:49)
at org.testng.internal.ParameterHandler.createParameters(ParameterHandler.java:37)
at org.testng.internal.Invoker.invokeTestMethods(Invoker.java:924)
at org.testng.internal.TestMethodWorker.invokeTestMethods(TestMethodWorker.java:125)
at org.testng.internal.TestMethodWorker.run(TestMethodWorker.java:109)
at org.testng.TestRunner.privateRun(TestRunner.java:648)
at org.testng.TestRunner.run(TestRunner.java:505)
at org.testng.SuiteRunner.runTest(SuiteRunner.java:455)
at org.testng.SuiteRunner.runSequentially(SuiteRunner.java:450)
at org.testng.SuiteRunner.privateRun(SuiteRunner.java:415)
at org.testng.SuiteRunner.run(SuiteRunner.java:364)
at org.testng.SuiteRunnerWorker.runSuite(SuiteRunnerWorker.java:52)
at org.testng.SuiteRunnerWorker.run(SuiteRunnerWorker.java:84)
at org.testng.TestNG.runSuitesSequentially(TestNG.java:1208)
at org.testng.TestNG.runSuitesLocally(TestNG.java:1137)
at org.testng.TestNG.runSuites(TestNG.java:1049)
at org.testng.TestNG.run(TestNG.java:1017)
at org.testng.remote.AbstractRemoteTestNG.run(AbstractRemoteTestNG.java:114)
at org.testng.remote.RemoteTestNG.initAndRun(RemoteTestNG.java:251)
at org.testng.remote.RemoteTestNG.main(RemoteTestNG.java:77)
]]>
    </error>
  </testcase> <!-- preferences_normalclick -->
</testsuite> <!-- testcases2.PreferencesTestCase_01 -->
